Total number of records processed: 363246735
Number of read pairs with properly matched indexes: 299271172
Number of read pairs with index hopping observed: 565467
Percent of records where index hopping was observed: 0.15567022233523997%
Number of read pairs with unknown indexes: 63410096
Percent of records with unknown indexes: 17.456480648064186%
-------------------------------------------------------------
INDEX | Count of Index Reads | Percentage of Index Reads
TACCGGAT | Count: 68197353 | 18.774388433250476%
CTCTGGAT | Count: 31253619 | 8.603964189795127%
AGAGTCCA | Count: 10474815 | 2.8836639096012795%
GTAGCGTA | Count: 7052591 | 1.9415428469026708%
ATCATGCG | Count: 9296408 | 2.559254386691184%
AACAGCGA | Count: 8176005 | 2.250813073378347%
TCGACAAG | Count: 3519353 | 0.9688601881032736%
TCGAGAGT | Count: 10472205 | 2.882945389722498%
CGGTAATC | Count: 4281246 | 1.1786055007486853%
TAGCCATG | Count: 9499769 | 2.615238647637122%
TCTTCGAC | Count: 37715791 | 10.382967654203416%
CTAGCTCA | Count: 16111620 | 4.435447988266157%
TATGGCAC | Count: 10201313 | 2.808370183974262%
ACGATCAG | Count: 7435292 | 2.046898508255002%
GATCTTGC | Count: 3309743 | 0.9111556088728505%
AGGATAGC | Count: 7871138 | 2.1668847209321784%
TGTTCCGT | Count: 14633233 | 4.028455479441543%
CACTTCAC | Count: 3839064 | 1.0568750191243976%
GCTACTCT | Count: 6611468 | 1.8201039026544863%
ATCGTGGT | Count: 6187989 | 1.7035222629048545%
CGATCGAT | Count: 5267144 | 1.4500182637567272%
GTCCTAAG | Count: 8024312 | 2.209052753082557%
GATCAAGG | Count: 5723035 | 1.5755227641619407%
TCGGATTC | Count: 4116666 | 1.1332974541395395%
