	Command being timed: "python3 Demult_WO_SeqQualCheck.py -f1 /projects/bgmp/wyatte/Bi622/1294_S1_L008_R1_001.fastq.gz -f2 /projects/bgmp/wyatte/Bi622/1294_S1_L008_R2_001.fastq.gz -f3 /projects/bgmp/wyatte/Bi622/1294_S1_L008_R3_001.fastq.gz -f4 /projects/bgmp/wyatte/Bi622/1294_S1_L008_R4_001.fastq.gz -i /projects/bgmp/wyatte/Bi622/indexes.txt -iq 25"
	User time (seconds): 13808.64
	System time (seconds): 73.61
	Percent of CPU this job got: 90%
	Elapsed (wall clock) time (h:mm:ss or m:ss): 4:15:22
	Average shared text size (kbytes): 0
	Average unshared data size (kbytes): 0
	Average stack size (kbytes): 0
	Average total size (kbytes): 0
	Maximum resident set size (kbytes): 139832
	Average resident set size (kbytes): 0
	Major (requiring I/O) page faults: 0
	Minor (reclaiming a frame) page faults: 3152345
	Voluntary context switches: 106869
	Involuntary context switches: 4038
	Swaps: 0
	File system inputs: 0
	File system outputs: 0
	Socket messages sent: 0
	Socket messages received: 0
	Signals delivered: 0
	Page size (bytes): 4096
	Exit status: 0
