Total number of records processed: 363246735
Number of read pairs with properly matched indexes: 324864689
Number of read pairs with index hopping observed: 616822
Percent of records where index hopping was observed: 0.16980799565892865%
Number of read pairs with unknown indexes: 37765224
Percent of records with unknown indexes: 10.39657631058955%
-------------------------------------------------------------
INDEX | Count of Index Reads | Percentage of Index Reads
TACCGGAT | Count: 74642064 | 20.54858497214022%
CTCTGGAT | Count: 34199630 | 9.414986207653044%
AGAGTCCA | Count: 11067595 | 3.046853263526237%
GTAGCGTA | Count: 7938595 | 2.1854552939064957%
ATCATGCG | Count: 9861412 | 2.7147971474540578%
AACAGCGA | Count: 8679804 | 2.3895064053363066%
TCGACAAG | Count: 3773451 | 1.0388120900797635%
TGTTCCGT | Count: 15485448 | 4.263065984612361%
TCGAGAGT | Count: 11463612 | 3.1558747527352176%
CGGTAATC | Count: 4903839 | 1.3500022236951421%
TAGCCATG | Count: 10423504 | 2.8695382492563906%
TCTTCGAC | Count: 41398695 | 11.396852610388914%
CTAGCTCA | Count: 16993868 | 4.678326427352472%
TATGGCAC | Count: 10938321 | 3.0112647812237046%
ACGATCAG | Count: 7813726 | 2.151079485958766%
GATCTTGC | Count: 3589609 | 0.9882013117062154%
AGGATAGC | Count: 8506078 | 2.3416805109067256%
CACTTCAC | Count: 4121184 | 1.1345412368262582%
GCTACTCT | Count: 7197183 | 1.981348297597224%
ATCGTGGT | Count: 6761456 | 1.8613948450218003%
CGATCGAT | Count: 5504475 | 1.5153542949257341%
GTCCTAAG | Count: 8647419 | 2.3805909776449883%
GATCAAGG | Count: 6457007 | 1.777581565874226%
TCGGATTC | Count: 4496714 | 1.2379227579292627%
